Determining if the pthread_create exist failed with the following output:
Change Dir: /home/uax/ws_moveit/src/franka_ros/franka_example_controllers/build/CMakeFiles/CMakeTmp

Run Build Command:"/usr/bin/ninja" "cmTC_e8f69"
[1/2] Building C object CMakeFiles/cmTC_e8f69.dir/CheckSymbolExists.c.o
[2/2] Linking C executable cmTC_e8f69
FAILED: cmTC_e8f69 
: && /usr/bin/cc   -rdynamic CMakeFiles/cmTC_e8f69.dir/CheckSymbolExists.c.o  -o cmTC_e8f69   && :
CMakeFiles/cmTC_e8f69.dir/CheckSymbolExists.c.o：在函数‘main’中：
CheckSymbolExists.c:(.text+0x1b)：对‘pthread_create’未定义的引用
collect2: error: ld returned 1 exit status
ninja: build stopped: subcommand failed.

File /home/uax/ws_moveit/src/franka_ros/franka_example_controllers/build/CMakeFiles/CMakeTmp/CheckSymbolExists.c:
/* */
#include <pthread.h>

int main(int argc, char** argv)
{
  (void)argv;
#ifndef pthread_create
  return ((int*)(&pthread_create))[argc];
#else
  (void)argc;
  return 0;
#endif
}

Determining if the function pthread_create exists in the pthreads failed with the following output:
Change Dir: /home/uax/ws_moveit/src/franka_ros/franka_example_controllers/build/CMakeFiles/CMakeTmp

Run Build Command:"/usr/bin/ninja" "cmTC_6555b"
[1/2] Building C object CMakeFiles/cmTC_6555b.dir/CheckFunctionExists.c.o
[2/2] Linking C executable cmTC_6555b
FAILED: cmTC_6555b 
: && /usr/bin/cc -DCHECK_FUNCTION_EXISTS=pthread_create  -rdynamic CMakeFiles/cmTC_6555b.dir/CheckFunctionExists.c.o  -o cmTC_6555b  -lpthreads && :
/usr/bin/ld: 找不到 -lpthreads
collect2: error: ld returned 1 exit status
ninja: build stopped: subcommand failed.


